f:\freework\visual_stdio_build\qt_c++\focusmanager\focusmanager\x64\release\focusmanager.obj
f:\freework\visual_stdio_build\qt_c++\focusmanager\focusmanager\x64\release\handleinfo.obj
f:\freework\visual_stdio_build\qt_c++\focusmanager\focusmanager\x64\release\qxtglobalshortcut_win.obj
f:\freework\visual_stdio_build\qt_c++\focusmanager\focusmanager\x64\release\windowshandle.obj
f:\freework\visual_stdio_build\qt_c++\focusmanager\focusmanager\x64\release\qxtglobalshortcut.obj
f:\freework\visual_stdio_build\qt_c++\focusmanager\focusmanager\x64\release\qxtwindowsystem.obj
f:\freework\visual_stdio_build\qt_c++\focusmanager\focusmanager\x64\release\qxtwindowsystem_win.obj
f:\freework\visual_stdio_build\qt_c++\focusmanager\focusmanager\x64\release\qxtglobal.obj
f:\freework\visual_stdio_build\qt_c++\focusmanager\focusmanager\x64\release\main.obj
f:\freework\visual_stdio_build\qt_c++\focusmanager\focusmanager\x64\release\qrc_focusmanager.obj
f:\freework\visual_stdio_build\qt_c++\focusmanager\focusmanager\x64\release\moc_focusmanager.obj
f:\freework\visual_stdio_build\qt_c++\focusmanager\focusmanager\x64\release\moc_qxtglobalshortcut.obj
f:\freework\visual_stdio_build\qt_c++\focusmanager\focusmanager\x64\release\uic\ui_focusmanager.h
f:\freework\visual_stdio_build\qt_c++\focusmanager\focusmanager\x64\release\rcc\qrc_focusmanager.cpp
f:\freework\visual_stdio_build\qt_c++\focusmanager\focusmanager\x64\release\moc\moc_focusmanager.cpp
f:\freework\visual_stdio_build\qt_c++\focusmanager\focusmanager\x64\release\moc\moc_qxtglobalshortcut.cpp
f:\freework\visual_stdio_build\qt_c++\focusmanager\x64\release\focusmanager.lib
f:\freework\visual_stdio_build\qt_c++\focusmanager\x64\release\focusmanager.exp
f:\freework\visual_stdio_build\qt_c++\focusmanager\x64\release\focusmanager.exe
f:\freework\visual_stdio_build\qt_c++\focusmanager\focusmanager\x64\release\focusmanager.res
f:\freework\visual_stdio_build\qt_c++\focusmanager\focusmanager\x64\release\resource.res
f:\freework\visual_stdio_build\qt_c++\focusmanager\focusmanager\x64\release\focusmanager.tlog\cl.10564.write.1.tlog
f:\freework\visual_stdio_build\qt_c++\focusmanager\focusmanager\x64\release\focusmanager.tlog\cl.command.1.tlog
f:\freework\visual_stdio_build\qt_c++\focusmanager\focusmanager\x64\release\focusmanager.tlog\cl.read.1.tlog
f:\freework\visual_stdio_build\qt_c++\focusmanager\focusmanager\x64\release\focusmanager.tlog\focusmanager.write.1u.tlog
f:\freework\visual_stdio_build\qt_c++\focusmanager\focusmanager\x64\release\focusmanager.tlog\link.command.1.tlog
f:\freework\visual_stdio_build\qt_c++\focusmanager\focusmanager\x64\release\focusmanager.tlog\link.read.1.tlog
f:\freework\visual_stdio_build\qt_c++\focusmanager\focusmanager\x64\release\focusmanager.tlog\link.write.1.tlog
f:\freework\visual_stdio_build\qt_c++\focusmanager\focusmanager\x64\release\focusmanager.tlog\moc.read.1u.tlog
f:\freework\visual_stdio_build\qt_c++\focusmanager\focusmanager\x64\release\focusmanager.tlog\moc.write.1u.tlog
f:\freework\visual_stdio_build\qt_c++\focusmanager\focusmanager\x64\release\focusmanager.tlog\rc.command.1.tlog
f:\freework\visual_stdio_build\qt_c++\focusmanager\focusmanager\x64\release\focusmanager.tlog\rc.read.1.tlog
f:\freework\visual_stdio_build\qt_c++\focusmanager\focusmanager\x64\release\focusmanager.tlog\rc.write.1.tlog
f:\freework\visual_stdio_build\qt_c++\focusmanager\focusmanager\x64\release\focusmanager.tlog\rcc.read.1u.tlog
f:\freework\visual_stdio_build\qt_c++\focusmanager\focusmanager\x64\release\focusmanager.tlog\rcc.write.1u.tlog
f:\freework\visual_stdio_build\qt_c++\focusmanager\focusmanager\x64\release\focusmanager.tlog\uic.read.1u.tlog
f:\freework\visual_stdio_build\qt_c++\focusmanager\focusmanager\x64\release\focusmanager.tlog\uic.write.1u.tlog
