f:\freework\visual_stdio_build\qt_c++\focusmanager\focusmanager\x64\debug\focusmanager.obj
f:\freework\visual_stdio_build\qt_c++\focusmanager\focusmanager\x64\debug\windowshandle.obj
f:\freework\visual_stdio_build\qt_c++\focusmanager\focusmanager\x64\debug\qxtglobalshortcut_win.obj
f:\freework\visual_stdio_build\qt_c++\focusmanager\focusmanager\x64\debug\handleinfo.obj
f:\freework\visual_stdio_build\qt_c++\focusmanager\focusmanager\x64\debug\qxtglobal.obj
f:\freework\visual_stdio_build\qt_c++\focusmanager\focusmanager\x64\debug\main.obj
f:\freework\visual_stdio_build\qt_c++\focusmanager\focusmanager\x64\debug\qxtwindowsystem.obj
f:\freework\visual_stdio_build\qt_c++\focusmanager\focusmanager\x64\debug\qxtglobalshortcut.obj
f:\freework\visual_stdio_build\qt_c++\focusmanager\focusmanager\x64\debug\qxtwindowsystem_win.obj
f:\freework\visual_stdio_build\qt_c++\focusmanager\focusmanager\x64\debug\vc142.pdb
f:\freework\visual_stdio_build\qt_c++\focusmanager\focusmanager\x64\debug\qrc_focusmanager.obj
f:\freework\visual_stdio_build\qt_c++\focusmanager\focusmanager\x64\debug\moc_focusmanager.obj
f:\freework\visual_stdio_build\qt_c++\focusmanager\focusmanager\x64\debug\moc_qxtglobalshortcut.obj
f:\freework\visual_stdio_build\qt_c++\focusmanager\focusmanager\x64\debug\uic\ui_focusmanager.h
f:\freework\visual_stdio_build\qt_c++\focusmanager\focusmanager\x64\debug\rcc\qrc_focusmanager.cpp
f:\freework\visual_stdio_build\qt_c++\focusmanager\focusmanager\x64\debug\moc\moc_focusmanager.cpp
f:\freework\visual_stdio_build\qt_c++\focusmanager\focusmanager\x64\debug\moc\moc_qxtglobalshortcut.cpp
f:\freework\visual_stdio_build\qt_c++\focusmanager\x64\debug\focusmanager.lib
f:\freework\visual_stdio_build\qt_c++\focusmanager\x64\debug\focusmanager.exp
f:\freework\visual_stdio_build\qt_c++\focusmanager\x64\debug\focusmanager.ilk
f:\freework\visual_stdio_build\qt_c++\focusmanager\x64\debug\focusmanager.exe
f:\freework\visual_stdio_build\qt_c++\focusmanager\x64\debug\focusmanager.pdb
f:\freework\visual_stdio_build\qt_c++\focusmanager\focusmanager\x64\debug\focusmanager.res
f:\freework\visual_stdio_build\qt_c++\focusmanager\focusmanager\x64\debug\resource.res
f:\freework\visual_stdio_build\qt_c++\focusmanager\focusmanager\x64\debug\focusmanager.tlog\cl.11692.write.1.tlog
f:\freework\visual_stdio_build\qt_c++\focusmanager\focusmanager\x64\debug\focusmanager.tlog\cl.command.1.tlog
f:\freework\visual_stdio_build\qt_c++\focusmanager\focusmanager\x64\debug\focusmanager.tlog\cl.read.1.tlog
f:\freework\visual_stdio_build\qt_c++\focusmanager\focusmanager\x64\debug\focusmanager.tlog\focusmanager.write.1u.tlog
f:\freework\visual_stdio_build\qt_c++\focusmanager\focusmanager\x64\debug\focusmanager.tlog\link.command.1.tlog
f:\freework\visual_stdio_build\qt_c++\focusmanager\focusmanager\x64\debug\focusmanager.tlog\link.read.1.tlog
f:\freework\visual_stdio_build\qt_c++\focusmanager\focusmanager\x64\debug\focusmanager.tlog\link.write.1.tlog
f:\freework\visual_stdio_build\qt_c++\focusmanager\focusmanager\x64\debug\focusmanager.tlog\moc.read.1u.tlog
f:\freework\visual_stdio_build\qt_c++\focusmanager\focusmanager\x64\debug\focusmanager.tlog\moc.write.1u.tlog
f:\freework\visual_stdio_build\qt_c++\focusmanager\focusmanager\x64\debug\focusmanager.tlog\rc.command.1.tlog
f:\freework\visual_stdio_build\qt_c++\focusmanager\focusmanager\x64\debug\focusmanager.tlog\rc.read.1.tlog
f:\freework\visual_stdio_build\qt_c++\focusmanager\focusmanager\x64\debug\focusmanager.tlog\rc.write.1.tlog
f:\freework\visual_stdio_build\qt_c++\focusmanager\focusmanager\x64\debug\focusmanager.tlog\rcc.read.1u.tlog
f:\freework\visual_stdio_build\qt_c++\focusmanager\focusmanager\x64\debug\focusmanager.tlog\rcc.write.1u.tlog
f:\freework\visual_stdio_build\qt_c++\focusmanager\focusmanager\x64\debug\focusmanager.tlog\uic.read.1u.tlog
f:\freework\visual_stdio_build\qt_c++\focusmanager\focusmanager\x64\debug\focusmanager.tlog\uic.write.1u.tlog
